<?xml version="1.0" encoding="UTF-8"?>
<testsuite name="demo.SprTutorialApplicationTests" tests="1" skipped="0" failures="0" errors="0" timestamp="2015-11-25T21:43:47" hostname="ubuntu" time="2.198">
  <properties/>
  <testcase name="contextLoads" classname="demo.SprTutorialApplicationTests" time="2.198"/>
  <system-out><![CDATA[13:43:47.795 [Test worker] DEBUG o.s.t.c.j.SpringJUnit4ClassRunner - SpringJUnit4ClassRunner constructor called with [class demo.SprTutorialApplicationTests].
13:43:47.840 [Test worker] DEBUG o.s.test.context.ContextLoaderUtils - Found explicit ContextLoader class [org.springframework.boot.test.SpringApplicationContextLoader] for context configuration attributes [ContextConfigurationAttributes@1794556 declaringClass = 'demo.SprTutorialApplicationTests', locations = '{}', classes = '{class demo.SprTutorialApplication}', inheritLocations = true, initializers = '{}', inheritInitializers = true, name = [null], contextLoaderClass = 'org.springframework.boot.test.SpringApplicationContextLoader']
13:43:47.847 [Test worker] DEBUG o.s.test.context.ContextLoaderUtils - Could not find an 'annotation declaring class' for annotation type [org.springframework.test.context.ActiveProfiles] and class [demo.SprTutorialApplicationTests]
13:43:47.849 [Test worker] DEBUG o.s.test.context.TestContextManager - @TestExecutionListeners is not present for class [class demo.SprTutorialApplicationTests]: using defaults.
13:43:47.856 [Test worker] INFO  o.s.test.context.TestContextManager - Could not instantiate TestExecutionListener class [org.springframework.test.context.transaction.TransactionalTestExecutionListener]. Specify custom listener classes or make the default listener classes (and their dependencies) available.
13:43:47.860 [Test worker] DEBUG o.s.t.annotation.ProfileValueUtils - Retrieved @ProfileValueSourceConfiguration [null] for test class [demo.SprTutorialApplicationTests]
13:43:47.861 [Test worker] DEBUG o.s.t.annotation.ProfileValueUtils - Retrieved ProfileValueSource type [class org.springframework.test.annotation.SystemProfileValueSource] for class [demo.SprTutorialApplicationTests]
13:43:47.863 [Test worker] DEBUG o.s.t.annotation.ProfileValueUtils - Retrieved @ProfileValueSourceConfiguration [null] for test class [demo.SprTutorialApplicationTests]
13:43:47.863 [Test worker] DEBUG o.s.t.annotation.ProfileValueUtils - Retrieved ProfileValueSource type [class org.springframework.test.annotation.SystemProfileValueSource] for class [demo.SprTutorialApplicationTests]
13:43:47.866 [Test worker] DEBUG o.s.t.annotation.ProfileValueUtils - Retrieved @ProfileValueSourceConfiguration [null] for test class [demo.SprTutorialApplicationTests]
13:43:47.867 [Test worker] DEBUG o.s.t.annotation.ProfileValueUtils - Retrieved ProfileValueSource type [class org.springframework.test.annotation.SystemProfileValueSource] for class [demo.SprTutorialApplicationTests]

  .   ____          _            __ _ _
 /\\ / ___'_ __ _ _(_)_ __  __ _ \ \ \ \
( ( )\___ | '_ | '_| | '_ \/ _` | \ \ \ \
 \\/  ___)| |_)| | | | | || (_| |  ) ) ) )
  '  |____| .__|_| |_|_| |_\__, | / / / /
 =========|_|==============|___/=/_/_/_/
 :: Spring Boot ::        (v1.0.1.RELEASE)

2015-11-25 13:43:48.292  INFO 14616 --- [    Test worker] o.s.boot.SpringApplication               : Starting application on ubuntu with PID 14616 (/home/boguszg/.gradle/caches/modules-2/files-2.1/org.springframework.boot/spring-boot/1.0.1.RELEASE/c2156bf828dbab62811b73f9844abdabaa98680a/spring-boot-1.0.1.RELEASE.jar started by boguszg)
2015-11-25 13:43:48.345  INFO 14616 --- [    Test worker] o.s.w.c.s.GenericWebApplicationContext   : Refreshing org.springframework.web.context.support.GenericWebApplicationContext@81db1b: startup date [Wed Nov 25 13:43:48 PST 2015]; root of context hierarchy
2015-11-25 13:43:49.317  INFO 14616 --- [    Test worker] o.s.w.s.handler.SimpleUrlHandlerMapping  : Mapped URL path [/**/favicon.ico] onto handler of type [class org.springframework.web.servlet.resource.ResourceHttpRequestHandler]
2015-11-25 13:43:49.731  INFO 14616 --- [    Test worker] s.w.s.m.m.a.RequestMappingHandlerMapping : Mapped "{[/save],methods=[],params=[],headers=[],consumes=[],produces=[],custom=[]}" onto public java.lang.String demo.SampleController.save(demo.Gizmo)
2015-11-25 13:43:49.732  INFO 14616 --- [    Test worker] s.w.s.m.m.a.RequestMappingHandlerMapping : Mapped "{[/],methods=[],params=[],headers=[],consumes=[],produces=[],custom=[]}" onto public java.lang.String demo.SampleController.index(org.springframework.ui.Model)
2015-11-25 13:43:49.748  INFO 14616 --- [    Test worker] o.s.w.s.handler.SimpleUrlHandlerMapping  : Mapped URL path [/**] onto handler of type [class org.springframework.web.servlet.resource.ResourceHttpRequestHandler]
2015-11-25 13:43:49.749  INFO 14616 --- [    Test worker] o.s.w.s.handler.SimpleUrlHandlerMapping  : Mapped URL path [/webjars/**] onto handler of type [class org.springframework.web.servlet.resource.ResourceHttpRequestHandler]
2015-11-25 13:43:50.051  INFO 14616 --- [    Test worker] o.s.boot.SpringApplication               : Started application in 2.081 seconds (JVM running for 3.071)
]]></system-out>
  <system-err><![CDATA[]]></system-err>
</testsuite>
